[debug] [2023-12-25T17:52:01.831Z] ----------------------------------------------------------------------
[debug] [2023-12-25T17:52:01.833Z] Command:       C:\Program Files\nodejs\node.exe C:\Users\aliih\AppData\Roaming\npm\node_modules\firebase-tools\lib\bin\firebase.js deploy
[debug] [2023-12-25T17:52:01.833Z] CLI Version:   13.0.2
[debug] [2023-12-25T17:52:01.834Z] Platform:      win32
[debug] [2023-12-25T17:52:01.834Z] Node Version:  v18.17.0
[debug] [2023-12-25T17:52:01.835Z] Time:          Mon Dec 25 2023 20:52:01 GMT+0300 (GMT+03:00)
[debug] [2023-12-25T17:52:01.835Z] ----------------------------------------------------------------------
[debug] 
[debug] [2023-12-25T17:52:01.913Z] > command requires scopes: ["email","openid","https://www.googleapis.com/auth/cloudplatformprojects.readonly","https://www.googleapis.com/auth/firebase","https://www.googleapis.com/auth/cloud-platform"]
[debug] [2023-12-25T17:52:01.914Z] > authorizing via signed-in user (aliihsantas34@gmail.com)
[debug] [2023-12-25T17:52:01.914Z] [iam] checking project aliihsantas-2221e for permissions ["firebase.projects.get","firebasehosting.sites.update"]
[debug] [2023-12-25T17:52:01.917Z] >>> [apiv2][query] POST https://cloudresourcemanager.googleapis.com/v1/projects/aliihsantas-2221e:testIamPermissions [none]
[debug] [2023-12-25T17:52:01.918Z] >>> [apiv2][(partial)header] POST https://cloudresourcemanager.googleapis.com/v1/projects/aliihsantas-2221e:testIamPermissions x-goog-quota-user=projects/aliihsantas-2221e
[debug] [2023-12-25T17:52:01.918Z] >>> [apiv2][body] POST https://cloudresourcemanager.googleapis.com/v1/projects/aliihsantas-2221e:testIamPermissions {"permissions":["firebase.projects.get","firebasehosting.sites.update"]}
[debug] [2023-12-25T17:52:02.966Z] <<< [apiv2][status] POST https://cloudresourcemanager.googleapis.com/v1/projects/aliihsantas-2221e:testIamPermissions 200
[debug] [2023-12-25T17:52:02.967Z] <<< [apiv2][body] POST https://cloudresourcemanager.googleapis.com/v1/projects/aliihsantas-2221e:testIamPermissions {"permissions":["firebase.projects.get","firebasehosting.sites.update"]}
[debug] [2023-12-25T17:52:02.969Z] >>> [apiv2][query] GET https://firebase.googleapis.com/v1beta1/projects/aliihsantas-2221e [none]
[debug] [2023-12-25T17:52:03.371Z] <<< [apiv2][status] GET https://firebase.googleapis.com/v1beta1/projects/aliihsantas-2221e 200
[debug] [2023-12-25T17:52:03.371Z] <<< [apiv2][body] GET https://firebase.googleapis.com/v1beta1/projects/aliihsantas-2221e {"projectId":"aliihsantas-2221e","projectNumber":"560599567287","displayName":"aliihsantas","name":"projects/aliihsantas-2221e","resources":{"hostingSite":"aliihsantas-2221e"},"state":"ACTIVE","etag":"1_2c3c4605-eaf2-40f6-a2ef-8792826715f4"}
[info] 
[info] === Deploying to 'aliihsantas-2221e'...
[info] 
[info] i  deploying hosting 
[debug] [2023-12-25T17:52:03.379Z] >>> [apiv2][query] POST https://firebasehosting.googleapis.com/v1beta1/projects/-/sites/aliihsantas-2221e/versions [none]
[debug] [2023-12-25T17:52:03.379Z] >>> [apiv2][body] POST https://firebasehosting.googleapis.com/v1beta1/projects/-/sites/aliihsantas-2221e/versions {"status":"CREATED","labels":{"deployment-tool":"cli-firebase"}}
[debug] [2023-12-25T17:52:04.686Z] <<< [apiv2][status] POST https://firebasehosting.googleapis.com/v1beta1/projects/-/sites/aliihsantas-2221e/versions 200
[debug] [2023-12-25T17:52:04.687Z] <<< [apiv2][body] POST https://firebasehosting.googleapis.com/v1beta1/projects/-/sites/aliihsantas-2221e/versions {"name":"projects/560599567287/sites/aliihsantas-2221e/versions/0fd4e22f8dc1d8b6","status":"CREATED","config":{},"labels":{"deployment-tool":"cli-firebase"}}
